Arguments: 
  /root/.nvm/versions/node/v10.14.2/bin/node /root/.yarn/bin/yarn.js add --dev @types/http

PATH: 
  /root/.yarn/bin:/root/.config/yarn/global/node_modules/.bin:/root/.nvm/versions/node/v10.14.2/bin:/root/.vscode-server/bin/ea3859d4ba2f3e577a159bc91e3074c5d85c0523/bin:/usr/local/sbin:/usr/local/bin:/usr/sbin:/usr/bin:/sbin:/bin

Yarn version: 
  1.21.1

Node version: 
  10.14.2

Platform: 
  linux x64

Trace: 
  Error: https://registry.yarnpkg.com/@types%2fhttp: Not found
      at Request.params.callback [as _callback] (/root/.yarn/lib/cli.js:66947:18)
      at Request.self.callback (/root/.yarn/lib/cli.js:140665:22)
      at Request.emit (events.js:182:13)
      at Request.<anonymous> (/root/.yarn/lib/cli.js:141637:10)
      at Request.emit (events.js:182:13)
      at IncomingMessage.<anonymous> (/root/.yarn/lib/cli.js:141559:12)
      at Object.onceWrapper (events.js:273:13)
      at IncomingMessage.emit (events.js:187:15)
      at endReadableNT (_stream_readable.js:1094:12)
      at process._tickCallback (internal/process/next_tick.js:63:19)

npm manifest: 
  {
    "name": "secret-board2",
    "version": "0.1.0",
    "main": "index.js",
    "scripts": {
      "test": "node test.js"
    },
    "license": "MIT",
    "devDependencies": {
      "@types/node": "10",
      "typescript": "^4.1.3"
    }
  }

yarn manifest: 
  No manifest

Lockfile: 
  # THIS IS AN AUTOGENERATED FILE. DO NOT EDIT THIS FILE DIRECTLY.
  # yarn lockfile v1
  
  
  "@types/node@10":
    version "10.17.50"
    resolved "https://registry.yarnpkg.com/@types/node/-/node-10.17.50.tgz#7a20902af591282aa9176baefc37d4372131c32d"
    integrity sha512-vwX+/ija9xKc/z9VqMCdbf4WYcMTGsI0I/L/6shIF3qXURxZOhPQlPRHtjTpiNhAwn0paMJzlOQqw6mAGEQnTA==
  
  typescript@^4.1.3:
    version "4.1.3"
    resolved "https://registry.yarnpkg.com/typescript/-/typescript-4.1.3.tgz#519d582bd94cba0cf8934c7d8e8467e473f53bb7"
    integrity sha512-B3ZIOf1IKeH2ixgHhj6la6xdwR9QrLC5d1VKeCSY4tvkqhF2eqd9O7txNlS0PO3GrBAFIdr3L1ndNwteUbZLYg==
